<?xml version="1.0" encoding="UTF-8"?>
<testng-results skipped="0" failed="0" ignored="0" total="1" passed="1">
  <reporter-output>
  </reporter-output>
  <suite name="Default suite" duration-ms="228105" started-at="2021-02-23T06:24:51Z" finished-at="2021-02-23T06:28:39Z">
    <groups>
    </groups>
    <test name="Default test" duration-ms="228105" started-at="2021-02-23T06:24:51Z" finished-at="2021-02-23T06:28:39Z">
      <class name="com.actitime.testscript.CreateNewCustomer">
        <test-method status="PASS" signature="openBrowser()[pri:0, instance:com.actitime.testscript.CreateNewCustomer@cd2dae5]" name="openBrowser" is-config="true" duration-ms="90316" started-at="2021-02-23T06:24:51Z" finished-at="2021-02-23T06:26:21Z">
          <reporter-output>
          </reporter-output>
        </test-method> <!-- openBrowser -->
        <test-method status="PASS" signature="addUser()[pri:0, instance:com.actitime.testscript.CreateNewCustomer@cd2dae5]" name="addUser" duration-ms="134387" started-at="2021-02-23T06:26:22Z" finished-at="2021-02-23T06:28:36Z">
          <reporter-output>
          </reporter-output>
        </test-method> <!-- addUser -->
        <test-method status="PASS" signature="closeBrowser()[pri:0, instance:com.actitime.testscript.CreateNewCustomer@cd2dae5]" name="closeBrowser" is-config="true" duration-ms="3318" started-at="2021-02-23T06:28:36Z" finished-at="2021-02-23T06:28:39Z">
          <reporter-output>
          </reporter-output>
        </test-method> <!-- closeBrowser -->
      </class> <!-- com.actitime.testscript.CreateNewCustomer -->
    </test> <!-- Default test -->
  </suite> <!-- Default suite -->
</testng-results>
